<?xml version="1.0" encoding="UTF-8"?>
<testng-results ignored="0" total="7" passed="6" failed="1" skipped="0">
  <reporter-output>
  </reporter-output>
  <suite started-at="2024-06-15T13:45:12 IST" name="Default suite" finished-at="2024-06-15T13:45:53 IST" duration-ms="41318">
    <groups>
    </groups>
    <test started-at="2024-06-15T13:45:12 IST" name="Default test" finished-at="2024-06-15T13:45:53 IST" duration-ms="41318">
      <class name="com.mongoDBlivereporting.AmazonAppTest">
        <test-method is-config="true" signature="setup()[pri:0, instance:com.mongoDBlivereporting.AmazonAppTest@5d0bf09b]" started-at="2024-06-15T13:45:12 IST" name="setup" finished-at="2024-06-15T13:45:16 IST" duration-ms="4047" status="PASS">
          <reporter-output>
          </reporter-output>
        </test-method> <!-- setup -->
        <test-method signature="amazonTest_1()[pri:0, instance:com.mongoDBlivereporting.AmazonAppTest@5d0bf09b]" started-at="2024-06-15T13:45:16 IST" name="amazonTest_1" finished-at="2024-06-15T13:45:16 IST" duration-ms="45" status="PASS">
          <reporter-output>
          </reporter-output>
        </test-method> <!-- amazonTest_1 -->
        <test-method is-config="true" signature="tearDown()[pri:0, instance:com.mongoDBlivereporting.AmazonAppTest@5d0bf09b]" started-at="2024-06-15T13:45:16 IST" name="tearDown" finished-at="2024-06-15T13:45:16 IST" duration-ms="76" status="PASS">
          <reporter-output>
          </reporter-output>
        </test-method> <!-- tearDown -->
        <test-method is-config="true" signature="setup()[pri:0, instance:com.mongoDBlivereporting.AmazonAppTest@5d0bf09b]" started-at="2024-06-15T13:45:16 IST" name="setup" finished-at="2024-06-15T13:45:18 IST" duration-ms="1796" status="PASS">
          <reporter-output>
          </reporter-output>
        </test-method> <!-- setup -->
        <test-method signature="amazonTest_AboutUs()[pri:0, instance:com.mongoDBlivereporting.AmazonAppTest@5d0bf09b]" started-at="2024-06-15T13:45:18 IST" name="amazonTest_AboutUs" finished-at="2024-06-15T13:45:18 IST" duration-ms="204" status="PASS">
          <reporter-output>
          </reporter-output>
        </test-method> <!-- amazonTest_AboutUs -->
        <test-method is-config="true" signature="tearDown()[pri:0, instance:com.mongoDBlivereporting.AmazonAppTest@5d0bf09b]" started-at="2024-06-15T13:45:18 IST" name="tearDown" finished-at="2024-06-15T13:45:19 IST" duration-ms="92" status="PASS">
          <reporter-output>
          </reporter-output>
        </test-method> <!-- tearDown -->
        <test-method is-config="true" signature="setup()[pri:0, instance:com.mongoDBlivereporting.AmazonAppTest@5d0bf09b]" started-at="2024-06-15T13:45:19 IST" name="setup" finished-at="2024-06-15T13:45:21 IST" duration-ms="2377" status="PASS">
          <reporter-output>
          </reporter-output>
        </test-method> <!-- setup -->
        <test-method signature="amazonTest_Careers()[pri:0, instance:com.mongoDBlivereporting.AmazonAppTest@5d0bf09b]" started-at="2024-06-15T13:45:21 IST" name="amazonTest_Careers" finished-at="2024-06-15T13:45:41 IST" duration-ms="20082" status="FAIL">
          <exception class="org.openqa.selenium.NoSuchElementException">
            <message>
              <![CDATA[no such element: Unable to locate element: {"method":"link text","selector":"Careers11"}
  (Session info: chrome-headless-shell=125.0.6422.142)
For documentation on this error, please visit: https://www.selenium.dev/documentation/webdriver/troubleshooting/errors#no-such-element-exception
Build info: version: '4.21.0', revision: '79ed462ef4'
System info: os.name: 'Windows 11', os.arch: 'amd64', os.version: '10.0', java.version: '17.0.10'
Driver info: org.openqa.selenium.chrome.ChromeDriver
Command: [a679e1151781295467b3c45c7f8d4916, findElement {value=Careers11, using=link text}]
Capabilities {acceptInsecureCerts: false, browserName: chrome-headless-shell, browserVersion: 125.0.6422.142, chrome: {chromedriverVersion: 125.0.6422.141 (4b1e8393712..., userDataDir: C:\Users\nanda\AppData\Loca...}, fedcm:accounts: true, goog:chromeOptions: {debuggerAddress: localhost:65022}, networkConnectionEnabled: false, pageLoadStrategy: normal, platformName: windows, proxy: Proxy(), se:cdp: ws://localhost:65022/devtoo..., se:cdpVersion: 125.0.6422.142, setWindowRect: true, strictFileInteractability: false, timeouts: {implicit: 0, pageLoad: 300000, script: 30000}, unhandledPromptBehavior: dismiss and notify, webauthn:extension:credBlob: true, webauthn:extension:largeBlob: true, webauthn:extension:minPinLength: true, webauthn:extension:prf: true, webauthn:virtualAuthenticators: true}
Session ID: a679e1151781295467b3c45c7f8d4916]]>
            </message>
            <full-stacktrace>
              <![CDATA[org.openqa.selenium.NoSuchElementException: no such element: Unable to locate element: {"method":"link text","selector":"Careers11"}
  (Session info: chrome-headless-shell=125.0.6422.142)
For documentation on this error, please visit: https://www.selenium.dev/documentation/webdriver/troubleshooting/errors#no-such-element-exception
Build info: version: '4.21.0', revision: '79ed462ef4'
System info: os.name: 'Windows 11', os.arch: 'amd64', os.version: '10.0', java.version: '17.0.10'
Driver info: org.openqa.selenium.chrome.ChromeDriver
Command: [a679e1151781295467b3c45c7f8d4916, findElement {value=Careers11, using=link text}]
Capabilities {acceptInsecureCerts: false, browserName: chrome-headless-shell, browserVersion: 125.0.6422.142, chrome: {chromedriverVersion: 125.0.6422.141 (4b1e8393712..., userDataDir: C:\Users\nanda\AppData\Loca...}, fedcm:accounts: true, goog:chromeOptions: {debuggerAddress: localhost:65022}, networkConnectionEnabled: false, pageLoadStrategy: normal, platformName: windows, proxy: Proxy(), se:cdp: ws://localhost:65022/devtoo..., se:cdpVersion: 125.0.6422.142, setWindowRect: true, strictFileInteractability: false, timeouts: {implicit: 0, pageLoad: 300000, script: 30000}, unhandledPromptBehavior: dismiss and notify, webauthn:extension:credBlob: true, webauthn:extension:largeBlob: true, webauthn:extension:minPinLength: true, webauthn:extension:prf: true, webauthn:virtualAuthenticators: true}
Session ID: a679e1151781295467b3c45c7f8d4916
at java.base/jdk.internal.reflect.NativeConstructorAccessorImpl.newInstance0(Native Method)
at java.base/jdk.internal.reflect.NativeConstructorAccessorImpl.newInstance(NativeConstructorAccessorImpl.java:77)
at java.base/jdk.internal.reflect.DelegatingConstructorAccessorImpl.newInstance(DelegatingConstructorAccessorImpl.java:45)
at java.base/java.lang.reflect.Constructor.newInstanceWithCaller(Constructor.java:499)
at java.base/java.lang.reflect.Constructor.newInstance(Constructor.java:480)
at org.openqa.selenium.remote.ErrorCodec.decode(ErrorCodec.java:167)
at org.openqa.selenium.remote.codec.w3c.W3CHttpResponseCodec.decode(W3CHttpResponseCodec.java:138)
at org.openqa.selenium.remote.codec.w3c.W3CHttpResponseCodec.decode(W3CHttpResponseCodec.java:50)
at org.openqa.selenium.remote.HttpCommandExecutor.execute(HttpCommandExecutor.java:190)
at org.openqa.selenium.remote.service.DriverCommandExecutor.invokeExecute(DriverCommandExecutor.java:216)
at org.openqa.selenium.remote.service.DriverCommandExecutor.execute(DriverCommandExecutor.java:174)
at org.openqa.selenium.remote.RemoteWebDriver.execute(RemoteWebDriver.java:518)
at org.openqa.selenium.remote.ElementLocation$ElementFinder$2.findElement(ElementLocation.java:165)
at org.openqa.selenium.remote.ElementLocation.findElement(ElementLocation.java:59)
at org.openqa.selenium.remote.RemoteWebDriver.findElement(RemoteWebDriver.java:355)
at org.openqa.selenium.remote.RemoteWebDriver.findElement(RemoteWebDriver.java:349)
at com.mongoDBlivereporting.AmazonAppTest.amazonTest_Careers(AmazonAppTest.java:41)
at java.base/jdk.internal.reflect.NativeMethodAccessorImpl.invoke0(Native Method)
at java.base/jdk.internal.reflect.NativeMethodAccessorImpl.invoke(NativeMethodAccessorImpl.java:77)
at java.base/jdk.internal.reflect.DelegatingMethodAccessorImpl.invoke(DelegatingMethodAccessorImpl.java:43)
at java.base/java.lang.reflect.Method.invoke(Method.java:568)
at org.testng.internal.invokers.MethodInvocationHelper.invokeMethod(MethodInvocationHelper.java:141)
at org.testng.internal.invokers.TestInvoker.invokeMethod(TestInvoker.java:686)
at org.testng.internal.invokers.TestInvoker.invokeTestMethod(TestInvoker.java:230)
at org.testng.internal.invokers.MethodRunner.runInSequence(MethodRunner.java:63)
at org.testng.internal.invokers.TestInvoker$MethodInvocationAgent.invoke(TestInvoker.java:992)
at org.testng.internal.invokers.TestInvoker.invokeTestMethods(TestInvoker.java:203)
at org.testng.internal.invokers.TestMethodWorker.invokeTestMethods(TestMethodWorker.java:154)
at org.testng.internal.invokers.TestMethodWorker.run(TestMethodWorker.java:134)
at java.base/java.util.ArrayList.forEach(ArrayList.java:1511)
at org.testng.TestRunner.privateRun(TestRunner.java:739)
at org.testng.TestRunner.run(TestRunner.java:614)
at org.testng.SuiteRunner.runTest(SuiteRunner.java:421)
at org.testng.SuiteRunner.runSequentially(SuiteRunner.java:413)
at org.testng.SuiteRunner.privateRun(SuiteRunner.java:373)
at org.testng.SuiteRunner.run(SuiteRunner.java:312)
at org.testng.SuiteRunnerWorker.runSuite(SuiteRunnerWorker.java:52)
at org.testng.SuiteRunnerWorker.run(SuiteRunnerWorker.java:95)
at org.testng.TestNG.runSuitesSequentially(TestNG.java:1274)
at org.testng.TestNG.runSuitesLocally(TestNG.java:1208)
at org.testng.TestNG.runSuites(TestNG.java:1112)
at org.testng.TestNG.run(TestNG.java:1079)
at org.testng.remote.AbstractRemoteTestNG.run(AbstractRemoteTestNG.java:115)
at org.testng.remote.RemoteTestNG.initAndRun(RemoteTestNG.java:293)
at org.testng.remote.RemoteTestNG.main(RemoteTestNG.java:91)
]]>
            </full-stacktrace>
          </exception> <!-- org.openqa.selenium.NoSuchElementException -->
          <reporter-output>
          </reporter-output>
        </test-method> <!-- amazonTest_Careers -->
        <test-method is-config="true" signature="tearDown()[pri:0, instance:com.mongoDBlivereporting.AmazonAppTest@5d0bf09b]" started-at="2024-06-15T13:45:41 IST" name="tearDown" finished-at="2024-06-15T13:45:41 IST" duration-ms="93" status="PASS">
          <reporter-output>
          </reporter-output>
        </test-method> <!-- tearDown -->
        <test-method is-config="true" signature="setup()[pri:0, instance:com.mongoDBlivereporting.AmazonAppTest@5d0bf09b]" started-at="2024-06-15T13:45:41 IST" name="setup" finished-at="2024-06-15T13:45:43 IST" duration-ms="2105" status="PASS">
          <reporter-output>
          </reporter-output>
        </test-method> <!-- setup -->
        <test-method signature="amazonTest_Facebook()[pri:0, instance:com.mongoDBlivereporting.AmazonAppTest@5d0bf09b]" started-at="2024-06-15T13:45:43 IST" name="amazonTest_Facebook" finished-at="2024-06-15T13:45:44 IST" duration-ms="485" status="PASS">
          <reporter-output>
          </reporter-output>
        </test-method> <!-- amazonTest_Facebook -->
        <test-method is-config="true" signature="tearDown()[pri:0, instance:com.mongoDBlivereporting.AmazonAppTest@5d0bf09b]" started-at="2024-06-15T13:45:44 IST" name="tearDown" finished-at="2024-06-15T13:45:44 IST" duration-ms="86" status="PASS">
          <reporter-output>
          </reporter-output>
        </test-method> <!-- tearDown -->
        <test-method is-config="true" signature="setup()[pri:0, instance:com.mongoDBlivereporting.AmazonAppTest@5d0bf09b]" started-at="2024-06-15T13:45:44 IST" name="setup" finished-at="2024-06-15T13:45:46 IST" duration-ms="2328" status="PASS">
          <reporter-output>
          </reporter-output>
        </test-method> <!-- setup -->
        <test-method signature="amazonTest_Instagram()[pri:0, instance:com.mongoDBlivereporting.AmazonAppTest@5d0bf09b]" started-at="2024-06-15T13:45:46 IST" name="amazonTest_Instagram" finished-at="2024-06-15T13:45:46 IST" duration-ms="157" status="PASS">
          <reporter-output>
          </reporter-output>
        </test-method> <!-- amazonTest_Instagram -->
        <test-method is-config="true" signature="tearDown()[pri:0, instance:com.mongoDBlivereporting.AmazonAppTest@5d0bf09b]" started-at="2024-06-15T13:45:46 IST" name="tearDown" finished-at="2024-06-15T13:45:46 IST" duration-ms="83" status="PASS">
          <reporter-output>
          </reporter-output>
        </test-method> <!-- tearDown -->
        <test-method is-config="true" signature="setup()[pri:0, instance:com.mongoDBlivereporting.AmazonAppTest@5d0bf09b]" started-at="2024-06-15T13:45:46 IST" name="setup" finished-at="2024-06-15T13:45:48 IST" duration-ms="1913" status="PASS">
          <reporter-output>
          </reporter-output>
        </test-method> <!-- setup -->
        <test-method signature="amazonTest_Twitter()[pri:0, instance:com.mongoDBlivereporting.AmazonAppTest@5d0bf09b]" started-at="2024-06-15T13:45:48 IST" name="amazonTest_Twitter" finished-at="2024-06-15T13:45:49 IST" duration-ms="488" status="PASS">
          <reporter-output>
          </reporter-output>
        </test-method> <!-- amazonTest_Twitter -->
        <test-method is-config="true" signature="tearDown()[pri:0, instance:com.mongoDBlivereporting.AmazonAppTest@5d0bf09b]" started-at="2024-06-15T13:45:49 IST" name="tearDown" finished-at="2024-06-15T13:45:49 IST" duration-ms="91" status="PASS">
          <reporter-output>
          </reporter-output>
        </test-method> <!-- tearDown -->
        <test-method is-config="true" signature="setup()[pri:0, instance:com.mongoDBlivereporting.AmazonAppTest@5d0bf09b]" started-at="2024-06-15T13:45:49 IST" name="setup" finished-at="2024-06-15T13:45:51 IST" duration-ms="2370" status="PASS">
          <reporter-output>
          </reporter-output>
        </test-method> <!-- setup -->
        <test-method signature="amazon_search_test()[pri:0, instance:com.mongoDBlivereporting.AmazonAppTest@5d0bf09b]" started-at="2024-06-15T13:45:51 IST" name="amazon_search_test" finished-at="2024-06-15T13:45:53 IST" duration-ms="2018" status="PASS">
          <reporter-output>
          </reporter-output>
        </test-method> <!-- amazon_search_test -->
        <test-method is-config="true" signature="tearDown()[pri:0, instance:com.mongoDBlivereporting.AmazonAppTest@5d0bf09b]" started-at="2024-06-15T13:45:53 IST" name="tearDown" finished-at="2024-06-15T13:45:53 IST" duration-ms="86" status="PASS">
          <reporter-output>
          </reporter-output>
        </test-method> <!-- tearDown -->
      </class> <!-- com.mongoDBlivereporting.AmazonAppTest -->
    </test> <!-- Default test -->
  </suite> <!-- Default suite -->
</testng-results>
